Start testing: Feb 10 12:36 EST
----------------------------------------------------------
Unable to find executable: Tutorial
1/5 Testing: TutorialRuns
1/5 Test: TutorialRuns
Command: "" "25"
Directory: /home/zach/IntroToOpenSource/open-source-labs/lab4/Step3/build
"TutorialRuns" start time: 
Output:
----------------------------------------------------------
<end of output>
Test time =   0.00 sec
----------------------------------------------------------
Test Passed.
"TutorialRuns" end time: Feb 10 12:36 EST
"TutorialRuns" time elapsed: 00:00:00
----------------------------------------------------------

Unable to find executable: Tutorial
2/5 Testing: TutorialComp25
2/5 Test: TutorialComp25
Command: "" "25"
Directory: /home/zach/IntroToOpenSource/open-source-labs/lab4/Step3/build
"TutorialComp25" start time: 
Output:
----------------------------------------------------------
<end of output>
Test time =   0.00 sec
----------------------------------------------------------
Test Pass Reason:
Required regular expression not found.Regex=[25 is 5
]
"TutorialComp25" end time: Feb 10 12:36 EST
"TutorialComp25" time elapsed: 00:00:00
----------------------------------------------------------

Unable to find executable: Tutorial
3/5 Testing: TutorialNegative
3/5 Test: TutorialNegative
Command: "" "-25"
Directory: /home/zach/IntroToOpenSource/open-source-labs/lab4/Step3/build
"TutorialNegative" start time: 
Output:
----------------------------------------------------------
<end of output>
Test time =   0.00 sec
----------------------------------------------------------
Test Pass Reason:
Required regular expression not found.Regex=[-25 is 0
]
"TutorialNegative" end time: Feb 10 12:36 EST
"TutorialNegative" time elapsed: 00:00:00
----------------------------------------------------------

Unable to find executable: Tutorial
4/5 Testing: TutorialSmall
4/5 Test: TutorialSmall
Command: "" "0.0001"
Directory: /home/zach/IntroToOpenSource/open-source-labs/lab4/Step3/build
"TutorialSmall" start time: 
Output:
----------------------------------------------------------
<end of output>
Test time =   0.00 sec
----------------------------------------------------------
Test Pass Reason:
Required regular expression not found.Regex=[0.0001 is 0.01
]
"TutorialSmall" end time: Feb 10 12:36 EST
"TutorialSmall" time elapsed: 00:00:00
----------------------------------------------------------

Unable to find executable: Tutorial
5/5 Testing: TutorialUsage
5/5 Test: TutorialUsage
Command: ""
Directory: /home/zach/IntroToOpenSource/open-source-labs/lab4/Step3/build
"TutorialUsage" start time: 
Output:
----------------------------------------------------------
<end of output>
Test time =   0.00 sec
----------------------------------------------------------
Test Pass Reason:
Required regular expression not found.Regex=[Usage:.*number
]
"TutorialUsage" end time: Feb 10 12:36 EST
"TutorialUsage" time elapsed: 00:00:00
----------------------------------------------------------

End testing: Feb 10 12:36 EST
